{"D:\\bootcamp FWD\\Assignment\\Week 15\\Assignment-Day-39\\controllers\\days.js": {"path":"D:\\bootcamp FWD\\Assignment\\Week 15\\Assignment-Day-39\\controllers\\days.js","statementMap":{"0":{"start":{"line":1,"column":25},"end":{"line":1,"column":58}},"1":{"start":{"line":5,"column":21},"end":{"line":5,"column":36}},"2":{"start":{"line":6,"column":8},"end":{"line":21,"column":15}},"3":{"start":{"line":8,"column":16},"end":{"line":11,"column":19}},"4":{"start":{"line":14,"column":15},"end":{"line":17,"column":19}},"5":{"start":{"line":20,"column":16},"end":{"line":20,"column":26}},"6":{"start":{"line":25,"column":21},"end":{"line":25,"column":36}},"7":{"start":{"line":26,"column":8},"end":{"line":41,"column":15}},"8":{"start":{"line":28,"column":16},"end":{"line":31,"column":19}},"9":{"start":{"line":34,"column":16},"end":{"line":37,"column":19}},"10":{"start":{"line":40,"column":16},"end":{"line":40,"column":26}},"11":{"start":{"line":45,"column":0},"end":{"line":45,"column":32}}},"fnMap":{"0":{"name":"(anonymous_0)","decl":{"start":{"line":4,"column":4},"end":{"line":4,"column":5}},"loc":{"start":{"line":4,"column":38},"end":{"line":22,"column":5}},"line":4},"1":{"name":"(anonymous_1)","decl":{"start":{"line":7,"column":18},"end":{"line":7,"column":19}},"loc":{"start":{"line":7,"column":28},"end":{"line":12,"column":13}},"line":7},"2":{"name":"(anonymous_2)","decl":{"start":{"line":13,"column":19},"end":{"line":13,"column":20}},"loc":{"start":{"line":13,"column":26},"end":{"line":18,"column":13}},"line":13},"3":{"name":"(anonymous_3)","decl":{"start":{"line":19,"column":21},"end":{"line":19,"column":22}},"loc":{"start":{"line":19,"column":27},"end":{"line":21,"column":13}},"line":19},"4":{"name":"(anonymous_4)","decl":{"start":{"line":24,"column":4},"end":{"line":24,"column":5}},"loc":{"start":{"line":24,"column":38},"end":{"line":42,"column":5}},"line":24},"5":{"name":"(anonymous_5)","decl":{"start":{"line":27,"column":18},"end":{"line":27,"column":19}},"loc":{"start":{"line":27,"column":28},"end":{"line":32,"column":13}},"line":27},"6":{"name":"(anonymous_6)","decl":{"start":{"line":33,"column":19},"end":{"line":33,"column":20}},"loc":{"start":{"line":33,"column":26},"end":{"line":38,"column":13}},"line":33},"7":{"name":"(anonymous_7)","decl":{"start":{"line":39,"column":21},"end":{"line":39,"column":22}},"loc":{"start":{"line":39,"column":27},"end":{"line":41,"column":13}},"line":39}},"branchMap":{},"s":{"0":2,"1":6,"2":6,"3":4,"4":2,"5":6,"6":3,"7":3,"8":2,"9":1,"10":3,"11":2},"f":{"0":6,"1":4,"2":2,"3":6,"4":3,"5":2,"6":1,"7":3},"b":{},"_coverageSchema":"1a1c01bbd47fc00a2c39e90264f33305004495a9","hash":"9796a0418edc274362e1c86dc2c7145a329b7ecb"}
,"D:\\bootcamp FWD\\Assignment\\Week 15\\Assignment-Day-39\\models\\daysModel.js": {"path":"D:\\bootcamp FWD\\Assignment\\Week 15\\Assignment-Day-39\\models\\daysModel.js","statementMap":{"0":{"start":{"line":4,"column":8},"end":{"line":19,"column":10}},"1":{"start":{"line":5,"column":12},"end":{"line":18,"column":9}},"2":{"start":{"line":6,"column":16},"end":{"line":6,"column":81}},"3":{"start":{"line":9,"column":24},"end":{"line":9,"column":47}},"4":{"start":{"line":10,"column":12},"end":{"line":10,"column":29}},"5":{"start":{"line":11,"column":12},"end":{"line":17,"column":13}},"6":{"start":{"line":12,"column":16},"end":{"line":12,"column":52}},"7":{"start":{"line":13,"column":16},"end":{"line":13,"column":39}},"8":{"start":{"line":16,"column":12},"end":{"line":16,"column":70}},"9":{"start":{"line":23,"column":8},"end":{"line":32,"column":10}},"10":{"start":{"line":24,"column":12},"end":{"line":24,"column":30}},"11":{"start":{"line":25,"column":12},"end":{"line":25,"column":40}},"12":{"start":{"line":26,"column":12},"end":{"line":31,"column":13}},"13":{"start":{"line":27,"column":16},"end":{"line":27,"column":48}},"14":{"start":{"line":30,"column":12},"end":{"line":30,"column":102}},"15":{"start":{"line":36,"column":0},"end":{"line":36,"column":34}}},"fnMap":{"0":{"name":"(anonymous_0)","decl":{"start":{"line":3,"column":4},"end":{"line":3,"column":5}},"loc":{"start":{"line":3,"column":27},"end":{"line":20,"column":5}},"line":3},"1":{"name":"(anonymous_1)","decl":{"start":{"line":4,"column":27},"end":{"line":4,"column":28}},"loc":{"start":{"line":4,"column":48},"end":{"line":19,"column":9}},"line":4},"2":{"name":"(anonymous_2)","decl":{"start":{"line":22,"column":4},"end":{"line":22,"column":5}},"loc":{"start":{"line":22,"column":28},"end":{"line":33,"column":5}},"line":22},"3":{"name":"(anonymous_3)","decl":{"start":{"line":23,"column":27},"end":{"line":23,"column":28}},"loc":{"start":{"line":23,"column":48},"end":{"line":32,"column":9}},"line":23}},"branchMap":{"0":{"loc":{"start":{"line":5,"column":12},"end":{"line":18,"column":9}},"type":"if","locations":[{"start":{"line":5,"column":12},"end":{"line":18,"column":9}},{"start":{"line":8,"column":17},"end":{"line":18,"column":9}}],"line":5},"1":{"loc":{"start":{"line":11,"column":12},"end":{"line":17,"column":13}},"type":"if","locations":[{"start":{"line":11,"column":12},"end":{"line":17,"column":13}},{"start":{"line":15,"column":17},"end":{"line":17,"column":13}}],"line":11},"2":{"loc":{"start":{"line":16,"column":12},"end":{"line":16,"column":69}},"type":"cond-expr","locations":[{"start":{"line":16,"column":39},"end":{"line":16,"column":52}},{"start":{"line":16,"column":55},"end":{"line":16,"column":69}}],"line":16},"3":{"loc":{"start":{"line":16,"column":13},"end":{"line":16,"column":35}},"type":"binary-expr","locations":[{"start":{"line":16,"column":13},"end":{"line":16,"column":22}},{"start":{"line":16,"column":26},"end":{"line":16,"column":35}}],"line":16},"4":{"loc":{"start":{"line":26,"column":12},"end":{"line":31,"column":13}},"type":"if","locations":[{"start":{"line":26,"column":12},"end":{"line":31,"column":13}},{"start":{"line":29,"column":17},"end":{"line":31,"column":13}}],"line":26},"5":{"loc":{"start":{"line":30,"column":12},"end":{"line":30,"column":101}},"type":"cond-expr","locations":[{"start":{"line":30,"column":71},"end":{"line":30,"column":84}},{"start":{"line":30,"column":87},"end":{"line":30,"column":101}}],"line":30},"6":{"loc":{"start":{"line":30,"column":13},"end":{"line":30,"column":67}},"type":"binary-expr","locations":[{"start":{"line":30,"column":13},"end":{"line":30,"column":27}},{"start":{"line":30,"column":31},"end":{"line":30,"column":47}},{"start":{"line":30,"column":51},"end":{"line":30,"column":67}}],"line":30}},"s":{"0":6,"1":6,"2":1,"3":5,"4":5,"5":5,"6":1,"7":1,"8":4,"9":3,"10":3,"11":3,"12":3,"13":1,"14":2,"15":2},"f":{"0":6,"1":6,"2":3,"3":3},"b":{"0":[1,5],"1":[1,4],"2":[2,2],"3":[4,4],"4":[1,2],"5":[1,1],"6":[2,1,1]},"_coverageSchema":"1a1c01bbd47fc00a2c39e90264f33305004495a9","hash":"2c3b264e611f0128e2a45ff068ddf89f5b026ed6"}
}
