TN:
SF:controllers\days.js
FN:4,(anonymous_0)
FN:7,(anonymous_1)
FN:13,(anonymous_2)
FN:19,(anonymous_3)
FN:24,(anonymous_4)
FN:27,(anonymous_5)
FN:33,(anonymous_6)
FN:39,(anonymous_7)
FNF:8
FNH:8
FNDA:6,(anonymous_0)
FNDA:4,(anonymous_1)
FNDA:2,(anonymous_2)
FNDA:6,(anonymous_3)
FNDA:3,(anonymous_4)
FNDA:2,(anonymous_5)
FNDA:1,(anonymous_6)
FNDA:3,(anonymous_7)
DA:1,2
DA:5,6
DA:6,6
DA:8,4
DA:14,2
DA:20,6
DA:25,3
DA:26,3
DA:28,2
DA:34,1
DA:40,3
DA:45,2
LF:12
LH:12
BRF:0
BRH:0
end_of_record
TN:
SF:models\daysModel.js
FN:3,(anonymous_0)
FN:4,(anonymous_1)
FN:22,(anonymous_2)
FN:23,(anonymous_3)
FNF:4
FNH:4
FNDA:6,(anonymous_0)
FNDA:6,(anonymous_1)
FNDA:3,(anonymous_2)
FNDA:3,(anonymous_3)
DA:4,6
DA:5,6
DA:6,1
DA:9,5
DA:10,5
DA:11,5
DA:12,1
DA:13,1
DA:16,4
DA:23,3
DA:24,3
DA:25,3
DA:26,3
DA:27,1
DA:30,2
DA:36,2
LF:16
LH:16
BRDA:5,0,0,1
BRDA:5,0,1,5
BRDA:11,1,0,1
BRDA:11,1,1,4
BRDA:16,2,0,2
BRDA:16,2,1,2
BRDA:16,3,0,4
BRDA:16,3,1,4
BRDA:26,4,0,1
BRDA:26,4,1,2
BRDA:30,5,0,1
BRDA:30,5,1,1
BRDA:30,6,0,2
BRDA:30,6,1,1
BRDA:30,6,2,1
BRF:15
BRH:15
end_of_record
